0 info it worked if it ends with ok
1 verbose cli [ '/home/trevinkm/.nvm/versions/node/v6.11.5/bin/node',
1 verbose cli   '/home/trevinkm/.nvm/versions/node/v6.11.5/bin/npm',
1 verbose cli   'run',
1 verbose cli   'dev' ]
2 info using npm@3.10.10
3 info using node@v6.11.5
4 verbose run-script [ 'predev', 'dev', 'postdev' ]
5 info lifecycle @~predev: @
6 silly lifecycle @~predev: no script for predev, continuing
7 info lifecycle @~dev: @
8 verbose lifecycle @~dev: unsafe-perm in lifecycle true
9 verbose lifecycle @~dev: PATH: /home/trevinkm/.nvm/versions/node/v6.11.5/lib/node_modules/npm/bin/node-gyp-bin:/mnt/c/Users/trevi/github/threejs-webpack-starter/node_modules/.bin:/home/trevinkm/.local/bin:/home/trevinkm/.nvm/versions/node/v6.11.5/bin:/home/trevinkm/anaconda3/bin:/home/trevinkm/anaconda3/condabin:/usr/local/sbin:/usr/local/bin:/usr/sbin:/usr/bin:/sbin:/bin:/usr/games:/usr/local/games:/mnt/c/Program Files/WindowsApps/CanonicalGroupLimited.Ubuntu_2004.4.4.0_x64__79rhkp1fndgsc:/mnt/c/Program Files/Common Files/Oracle/Java/javapath:/mnt/c/WINDOWS/system32:/mnt/c/WINDOWS:/mnt/c/WINDOWS/System32/Wbem:/mnt/c/WINDOWS/System32/WindowsPowerShell/v1.0:/mnt/c/WINDOWS/System32/OpenSSH:/mnt/c/Program Files/Java/jdk-13.0.2/bin:/mnt/c/sqlite3/sqlite-tools-win32-x86-3340100:/mnt/c/Program Files/Git/cmd:/mnt/c/Program Files/nodejs:/mnt/c/Users/trevi/AppData/Local/Programs/Python/Python310/Scripts:/mnt/c/Users/trevi/AppData/Local/Programs/Python/Python310:/mnt/c/Users/trevi/AppData/Local/Microsoft/WindowsApps:/mnt/c/Users/trevi/AppData/Roaming/npm:/mnt/c/Users/trevi/AppData/Local/Programs/Microsoft VS Code/bin:/snap/bin
10 verbose lifecycle @~dev: CWD: /mnt/c/Users/trevi/github/threejs-webpack-starter
11 silly lifecycle @~dev: Args: [ '-c', 'webpack serve --config ./bundler/webpack.dev.js' ]
12 silly lifecycle @~dev: Returned: code: 1  signal: null
13 info lifecycle @~dev: Failed to exec dev script
14 verbose stack Error: @ dev: `webpack serve --config ./bundler/webpack.dev.js`
14 verbose stack Exit status 1
14 verbose stack     at EventEmitter.<anonymous> (/home/trevinkm/.nvm/versions/node/v6.11.5/lib/node_modules/npm/lib/utils/lifecycle.js:255:16)
14 verbose stack     at emitTwo (events.js:106:13)
14 verbose stack     at EventEmitter.emit (events.js:191:7)
14 verbose stack     at ChildProcess.<anonymous> (/home/trevinkm/.nvm/versions/node/v6.11.5/lib/node_modules/npm/lib/utils/spawn.js:40:14)
14 verbose stack     at emitTwo (events.js:106:13)
14 verbose stack     at ChildProcess.emit (events.js:191:7)
14 verbose stack     at maybeClose (internal/child_process.js:920:16)
14 verbose stack     at Process.ChildProcess._handle.onexit (internal/child_process.js:230:5)
15 verbose pkgid @
16 verbose cwd /mnt/c/Users/trevi/github/threejs-webpack-starter
17 error Linux 4.4.0-19041-Microsoft
18 error argv "/home/trevinkm/.nvm/versions/node/v6.11.5/bin/node" "/home/trevinkm/.nvm/versions/node/v6.11.5/bin/npm" "run" "dev"
19 error node v6.11.5
20 error npm  v3.10.10
21 error code ELIFECYCLE
22 error @ dev: `webpack serve --config ./bundler/webpack.dev.js`
22 error Exit status 1
23 error Failed at the @ dev script 'webpack serve --config ./bundler/webpack.dev.js'.
23 error Make sure you have the latest version of node.js and npm installed.
23 error If you do, this is most likely a problem with the  package,
23 error not with npm itself.
23 error Tell the author that this fails on your system:
23 error     webpack serve --config ./bundler/webpack.dev.js
23 error You can get information on how to open an issue for this project with:
23 error     npm bugs
23 error Or if that isn't available, you can get their info via:
23 error     npm owner ls
23 error There is likely additional logging output above.
24 verbose exit [ 1, true ]
